2023-06-28 13:37:04,578 DEBUG    root            Loaded Command Group: ['gcloud', 'components']
2023-06-28 13:37:04,582 DEBUG    root            Loaded Command Group: ['gcloud', 'components', 'update']
2023-06-28 13:37:04,585 DEBUG    root            Running [gcloud.components.update] with arguments: [--allow-no-backup: "True", --compile-python: "True", --quiet: "True", COMPONENT-IDS:7: "['core', 'gcloud-deps', 'bq', 'gcloud', 'gcloud-crc32c', 'gsutil', 'anthoscli']"]
2023-06-28 13:37:04,586 INFO     ___FILE_ONLY___ Beginning update. This process may take several minutes.

2023-06-28 13:37:16,633 DEBUG    urllib3.connectionpool Starting new HTTPS connection (1): dl.google.com:443
2023-06-28 13:37:16,661 DEBUG    urllib3.connectionpool https://dl.google.com:443 "GET /dl/cloudsdk/channels/rapid/components-2.json HTTP/1.1" 200 208274
2023-06-28 13:37:16,679 INFO     ___FILE_ONLY___ 

2023-06-28 13:37:16,680 INFO     ___FILE_ONLY___ 
Your current Google Cloud CLI version is: 437.0.0

2023-06-28 13:37:16,680 INFO     ___FILE_ONLY___ Installing components from version: 437.0.0

2023-06-28 13:37:16,680 INFO     ___FILE_ONLY___ 

2023-06-28 13:37:16,680 DEBUG    root            Chosen display Format:table[box,title="These components will be removed."](details.display_name:label=Name:align=left,version.version_string:label=Version:align=right,data.size.size(zero="",min=1048576):label=Size:align=right)
2023-06-28 13:37:16,681 DEBUG    root            Chosen display Format:table[box,title="These components will be updated."](details.display_name:label=Name:align=left,version.version_string:label=Version:align=right,data.size.size(zero="",min=1048576):label=Size:align=right)
2023-06-28 13:37:16,682 DEBUG    root            Chosen display Format:table[box,title="These components will be installed."](details.display_name:label=Name:align=left,version.version_string:label=Version:align=right,data.size.size(zero="",min=1048576):label=Size:align=right)
2023-06-28 13:37:16,689 INFO     ___FILE_ONLY___ ┌─────────────────────────────────────────────────────────────────────────────┐
2023-06-28 13:37:16,689 INFO     ___FILE_ONLY___ 

2023-06-28 13:37:16,689 INFO     ___FILE_ONLY___ │                     These components will be installed.                     │
2023-06-28 13:37:16,689 INFO     ___FILE_ONLY___ 

2023-06-28 13:37:16,689 INFO     ___FILE_ONLY___ ├─────────────────────────────────────────────────────┬────────────┬──────────┤
2023-06-28 13:37:16,690 INFO     ___FILE_ONLY___ 

2023-06-28 13:37:16,690 INFO     ___FILE_ONLY___ │                         Name                        │  Version   │   Size   │
2023-06-28 13:37:16,690 INFO     ___FILE_ONLY___ 

2023-06-28 13:37:16,690 INFO     ___FILE_ONLY___ ├─────────────────────────────────────────────────────┼────────────┼──────────┤
2023-06-28 13:37:16,690 INFO     ___FILE_ONLY___ 

2023-06-28 13:37:16,690 INFO     ___FILE_ONLY___ │ 
2023-06-28 13:37:16,690 INFO     ___FILE_ONLY___ BigQuery Command Line Tool                         
2023-06-28 13:37:16,690 INFO     ___FILE_ONLY___  
2023-06-28 13:37:16,690 INFO     ___FILE_ONLY___ │ 
2023-06-28 13:37:16,690 INFO     ___FILE_ONLY___     2.0.93
2023-06-28 13:37:16,690 INFO     ___FILE_ONLY___  
2023-06-28 13:37:16,690 INFO     ___FILE_ONLY___ │ 
2023-06-28 13:37:16,691 INFO     ___FILE_ONLY___  1.6 MiB
2023-06-28 13:37:16,691 INFO     ___FILE_ONLY___  
2023-06-28 13:37:16,691 INFO     ___FILE_ONLY___ │
2023-06-28 13:37:16,691 INFO     ___FILE_ONLY___ 

2023-06-28 13:37:16,691 INFO     ___FILE_ONLY___ │ 
2023-06-28 13:37:16,691 INFO     ___FILE_ONLY___ BigQuery Command Line Tool (Platform Specific)     
2023-06-28 13:37:16,691 INFO     ___FILE_ONLY___  
2023-06-28 13:37:16,691 INFO     ___FILE_ONLY___ │ 
2023-06-28 13:37:16,691 INFO     ___FILE_ONLY___     2.0.77
2023-06-28 13:37:16,691 INFO     ___FILE_ONLY___  
2023-06-28 13:37:16,691 INFO     ___FILE_ONLY___ │ 
2023-06-28 13:37:16,691 INFO     ___FILE_ONLY___  < 1 MiB
2023-06-28 13:37:16,691 INFO     ___FILE_ONLY___  
2023-06-28 13:37:16,691 INFO     ___FILE_ONLY___ │
2023-06-28 13:37:16,692 INFO     ___FILE_ONLY___ 

2023-06-28 13:37:16,692 INFO     ___FILE_ONLY___ │ 
2023-06-28 13:37:16,692 INFO     ___FILE_ONLY___ Bundled Python 3.9                                 
2023-06-28 13:37:16,692 INFO     ___FILE_ONLY___  
2023-06-28 13:37:16,692 INFO     ___FILE_ONLY___ │ 
2023-06-28 13:37:16,692 INFO     ___FILE_ONLY___     3.9.16
2023-06-28 13:37:16,692 INFO     ___FILE_ONLY___  
2023-06-28 13:37:16,692 INFO     ___FILE_ONLY___ │ 
2023-06-28 13:37:16,692 INFO     ___FILE_ONLY___ 63.5 MiB
2023-06-28 13:37:16,692 INFO     ___FILE_ONLY___  
2023-06-28 13:37:16,692 INFO     ___FILE_ONLY___ │
2023-06-28 13:37:16,692 INFO     ___FILE_ONLY___ 

2023-06-28 13:37:16,692 INFO     ___FILE_ONLY___ │ 
2023-06-28 13:37:16,693 INFO     ___FILE_ONLY___ Cloud Storage Command Line Tool                    
2023-06-28 13:37:16,693 INFO     ___FILE_ONLY___  
2023-06-28 13:37:16,693 INFO     ___FILE_ONLY___ │ 
2023-06-28 13:37:16,693 INFO     ___FILE_ONLY___       5.24
2023-06-28 13:37:16,693 INFO     ___FILE_ONLY___  
2023-06-28 13:37:16,693 INFO     ___FILE_ONLY___ │ 
2023-06-28 13:37:16,693 INFO     ___FILE_ONLY___ 11.3 MiB
2023-06-28 13:37:16,693 INFO     ___FILE_ONLY___  
2023-06-28 13:37:16,693 INFO     ___FILE_ONLY___ │
2023-06-28 13:37:16,693 INFO     ___FILE_ONLY___ 

2023-06-28 13:37:16,693 INFO     ___FILE_ONLY___ │ 
2023-06-28 13:37:16,693 INFO     ___FILE_ONLY___ Cloud Storage Command Line Tool (Platform Specific)
2023-06-28 13:37:16,693 INFO     ___FILE_ONLY___  
2023-06-28 13:37:16,693 INFO     ___FILE_ONLY___ │ 
2023-06-28 13:37:16,694 INFO     ___FILE_ONLY___       5.13
2023-06-28 13:37:16,694 INFO     ___FILE_ONLY___  
2023-06-28 13:37:16,694 INFO     ___FILE_ONLY___ │ 
2023-06-28 13:37:16,694 INFO     ___FILE_ONLY___  < 1 MiB
2023-06-28 13:37:16,694 INFO     ___FILE_ONLY___  
2023-06-28 13:37:16,694 INFO     ___FILE_ONLY___ │
2023-06-28 13:37:16,694 INFO     ___FILE_ONLY___ 

2023-06-28 13:37:16,694 INFO     ___FILE_ONLY___ │ 
2023-06-28 13:37:16,694 INFO     ___FILE_ONLY___ Google Cloud CLI Core Libraries (Platform Specific)
2023-06-28 13:37:16,694 INFO     ___FILE_ONLY___  
2023-06-28 13:37:16,694 INFO     ___FILE_ONLY___ │ 
2023-06-28 13:37:16,694 INFO     ___FILE_ONLY___ 2022.09.20
2023-06-28 13:37:16,694 INFO     ___FILE_ONLY___  
2023-06-28 13:37:16,694 INFO     ___FILE_ONLY___ │ 
2023-06-28 13:37:16,695 INFO     ___FILE_ONLY___  < 1 MiB
2023-06-28 13:37:16,695 INFO     ___FILE_ONLY___  
2023-06-28 13:37:16,695 INFO     ___FILE_ONLY___ │
2023-06-28 13:37:16,695 INFO     ___FILE_ONLY___ 

2023-06-28 13:37:16,695 INFO     ___FILE_ONLY___ │ 
2023-06-28 13:37:16,695 INFO     ___FILE_ONLY___ Google Cloud CRC32C Hash Tool                      
2023-06-28 13:37:16,695 INFO     ___FILE_ONLY___  
2023-06-28 13:37:16,695 INFO     ___FILE_ONLY___ │ 
2023-06-28 13:37:16,695 INFO     ___FILE_ONLY___      1.0.0
2023-06-28 13:37:16,695 INFO     ___FILE_ONLY___  
2023-06-28 13:37:16,695 INFO     ___FILE_ONLY___ │ 
2023-06-28 13:37:16,695 INFO     ___FILE_ONLY___  1.2 MiB
2023-06-28 13:37:16,695 INFO     ___FILE_ONLY___  
2023-06-28 13:37:16,696 INFO     ___FILE_ONLY___ │
2023-06-28 13:37:16,696 INFO     ___FILE_ONLY___ 

2023-06-28 13:37:16,696 INFO     ___FILE_ONLY___ │ 
2023-06-28 13:37:16,696 INFO     ___FILE_ONLY___ anthoscli                                          
2023-06-28 13:37:16,696 INFO     ___FILE_ONLY___  
2023-06-28 13:37:16,696 INFO     ___FILE_ONLY___ │ 
2023-06-28 13:37:16,696 INFO     ___FILE_ONLY___     0.2.36
2023-06-28 13:37:16,696 INFO     ___FILE_ONLY___  
2023-06-28 13:37:16,696 INFO     ___FILE_ONLY___ │ 
2023-06-28 13:37:16,696 INFO     ___FILE_ONLY___ 68.4 MiB
2023-06-28 13:37:16,696 INFO     ___FILE_ONLY___  
2023-06-28 13:37:16,696 INFO     ___FILE_ONLY___ │
2023-06-28 13:37:16,696 INFO     ___FILE_ONLY___ 

2023-06-28 13:37:16,696 INFO     ___FILE_ONLY___ │ 
2023-06-28 13:37:16,697 INFO     ___FILE_ONLY___ gcloud cli dependencies                            
2023-06-28 13:37:16,697 INFO     ___FILE_ONLY___  
2023-06-28 13:37:16,697 INFO     ___FILE_ONLY___ │ 
2023-06-28 13:37:16,697 INFO     ___FILE_ONLY___ 2021.04.16
2023-06-28 13:37:16,697 INFO     ___FILE_ONLY___  
2023-06-28 13:37:16,697 INFO     ___FILE_ONLY___ │ 
2023-06-28 13:37:16,697 INFO     ___FILE_ONLY___  < 1 MiB
2023-06-28 13:37:16,697 INFO     ___FILE_ONLY___  
2023-06-28 13:37:16,697 INFO     ___FILE_ONLY___ │
2023-06-28 13:37:16,697 INFO     ___FILE_ONLY___ 

2023-06-28 13:37:16,697 INFO     ___FILE_ONLY___ └─────────────────────────────────────────────────────┴────────────┴──────────┘
2023-06-28 13:37:16,697 INFO     ___FILE_ONLY___ 

2023-06-28 13:37:16,697 INFO     ___FILE_ONLY___ 

2023-06-28 13:37:16,701 DEBUG    urllib3.connectionpool Starting new HTTPS connection (1): dl.google.com:443
2023-06-28 13:37:16,728 DEBUG    urllib3.connectionpool https://dl.google.com:443 "GET /dl/cloudsdk/channels/rapid/RELEASE_NOTES HTTP/1.1" 200 1024174
2023-06-28 13:37:16,830 INFO     ___FILE_ONLY___ For the latest full release notes, please visit:
  https://cloud.google.com/sdk/release_notes


2023-06-28 13:37:16,832 INFO     ___FILE_ONLY___ ╔════════════════════════════════════════════════════════════╗

2023-06-28 13:37:16,833 INFO     ___FILE_ONLY___ ╠═ Creating update staging area                             ═╣

2023-06-28 13:37:16,833 INFO     ___FILE_ONLY___ ╚
2023-06-28 13:37:16,833 INFO     ___FILE_ONLY___ ══════
2023-06-28 13:37:16,833 INFO     ___FILE_ONLY___ ══════
2023-06-28 13:37:16,833 INFO     ___FILE_ONLY___ ══════
2023-06-28 13:37:17,027 INFO     ___FILE_ONLY___ ═
2023-06-28 13:37:17,072 INFO     ___FILE_ONLY___ ═
2023-06-28 13:37:17,129 INFO     ___FILE_ONLY___ ═
2023-06-28 13:37:17,171 INFO     ___FILE_ONLY___ ═
2023-06-28 13:37:17,220 INFO     ___FILE_ONLY___ ═
2023-06-28 13:37:17,263 INFO     ___FILE_ONLY___ ═
2023-06-28 13:37:17,315 INFO     ___FILE_ONLY___ ═
2023-06-28 13:37:17,363 INFO     ___FILE_ONLY___ ═
2023-06-28 13:37:17,402 INFO     ___FILE_ONLY___ ═
2023-06-28 13:37:17,466 INFO     ___FILE_ONLY___ ═
2023-06-28 13:37:17,515 INFO     ___FILE_ONLY___ ═
2023-06-28 13:37:17,569 INFO     ___FILE_ONLY___ ═
2023-06-28 13:37:17,608 INFO     ___FILE_ONLY___ ═
2023-06-28 13:37:17,664 INFO     ___FILE_ONLY___ ═
2023-06-28 13:37:17,722 INFO     ___FILE_ONLY___ ═
2023-06-28 13:37:17,769 INFO     ___FILE_ONLY___ ═
2023-06-28 13:37:17,923 INFO     ___FILE_ONLY___ ═
2023-06-28 13:37:17,984 INFO     ___FILE_ONLY___ ═
2023-06-28 13:37:18,042 INFO     ___FILE_ONLY___ ═
2023-06-28 13:37:18,094 INFO     ___FILE_ONLY___ ═
2023-06-28 13:37:18,152 INFO     ___FILE_ONLY___ ═
2023-06-28 13:37:18,220 INFO     ___FILE_ONLY___ ═
2023-06-28 13:37:18,288 INFO     ___FILE_ONLY___ ═
2023-06-28 13:37:18,345 INFO     ___FILE_ONLY___ ═
2023-06-28 13:37:18,396 INFO     ___FILE_ONLY___ ═
2023-06-28 13:37:18,449 INFO     ___FILE_ONLY___ ═
2023-06-28 13:37:18,504 INFO     ___FILE_ONLY___ ═
2023-06-28 13:37:18,556 INFO     ___FILE_ONLY___ ═
2023-06-28 13:37:18,611 INFO     ___FILE_ONLY___ ═
2023-06-28 13:37:18,667 INFO     ___FILE_ONLY___ ═
2023-06-28 13:37:18,722 INFO     ___FILE_ONLY___ ═
2023-06-28 13:37:18,785 INFO     ___FILE_ONLY___ ═
2023-06-28 13:37:18,951 INFO     ___FILE_ONLY___ ═
2023-06-28 13:37:19,056 INFO     ___FILE_ONLY___ ═
2023-06-28 13:37:19,092 INFO     ___FILE_ONLY___ ═
2023-06-28 13:37:19,121 INFO     ___FILE_ONLY___ ═
2023-06-28 13:37:19,150 INFO     ___FILE_ONLY___ ═
2023-06-28 13:37:19,180 INFO     ___FILE_ONLY___ ═
2023-06-28 13:37:19,215 INFO     ___FILE_ONLY___ ═
2023-06-28 13:37:19,247 INFO     ___FILE_ONLY___ ═
2023-06-28 13:37:19,319 INFO     ___FILE_ONLY___ ═
2023-06-28 13:37:19,422 INFO     ___FILE_ONLY___ ═
2023-06-28 13:37:19,422 INFO     ___FILE_ONLY___ ╝

2023-06-28 13:37:19,631 INFO     ___FILE_ONLY___ ╔════════════════════════════════════════════════════════════╗

2023-06-28 13:37:19,631 INFO     ___FILE_ONLY___ ╠═ Installing: BigQuery Command Line Tool                   ═╣

2023-06-28 13:37:19,631 INFO     ___FILE_ONLY___ ╚
2023-06-28 13:37:19,635 DEBUG    urllib3.connectionpool Starting new HTTPS connection (1): dl.google.com:443
2023-06-28 13:37:19,728 DEBUG    urllib3.connectionpool https://dl.google.com:443 "GET /dl/cloudsdk/channels/rapid/components/google-cloud-sdk-bq-20230519173220.tar.gz HTTP/1.1" 200 1681057
2023-06-28 13:37:19,793 INFO     ___FILE_ONLY___ ═
2023-06-28 13:37:19,793 INFO     ___FILE_ONLY___ ═
2023-06-28 13:37:19,793 INFO     ___FILE_ONLY___ ═
2023-06-28 13:37:19,794 INFO     ___FILE_ONLY___ ═
2023-06-28 13:37:19,794 INFO     ___FILE_ONLY___ ═
2023-06-28 13:37:19,794 INFO     ___FILE_ONLY___ ═
2023-06-28 13:37:19,794 INFO     ___FILE_ONLY___ ═
2023-06-28 13:37:19,794 INFO     ___FILE_ONLY___ ═
2023-06-28 13:37:19,794 INFO     ___FILE_ONLY___ ═
2023-06-28 13:37:19,795 INFO     ___FILE_ONLY___ ═
2023-06-28 13:37:19,795 INFO     ___FILE_ONLY___ ═
2023-06-28 13:37:19,795 INFO     ___FILE_ONLY___ ═
2023-06-28 13:37:19,795 INFO     ___FILE_ONLY___ ═
2023-06-28 13:37:19,795 INFO     ___FILE_ONLY___ ═
2023-06-28 13:37:19,795 INFO     ___FILE_ONLY___ ═
2023-06-28 13:37:19,795 INFO     ___FILE_ONLY___ ═
2023-06-28 13:37:19,796 INFO     ___FILE_ONLY___ ═
2023-06-28 13:37:19,796 INFO     ___FILE_ONLY___ ═
2023-06-28 13:37:19,796 INFO     ___FILE_ONLY___ ═
2023-06-28 13:37:19,796 INFO     ___FILE_ONLY___ ═
2023-06-28 13:37:19,796 INFO     ___FILE_ONLY___ ═
2023-06-28 13:37:19,796 INFO     ___FILE_ONLY___ ═
2023-06-28 13:37:19,797 INFO     ___FILE_ONLY___ ═
2023-06-28 13:37:19,797 INFO     ___FILE_ONLY___ ═
2023-06-28 13:37:19,797 INFO     ___FILE_ONLY___ ═
2023-06-28 13:37:19,797 INFO     ___FILE_ONLY___ ═
2023-06-28 13:37:19,797 INFO     ___FILE_ONLY___ ═
2023-06-28 13:37:19,797 INFO     ___FILE_ONLY___ ═
2023-06-28 13:37:19,797 INFO     ___FILE_ONLY___ ═
2023-06-28 13:37:19,798 INFO     ___FILE_ONLY___ ═
2023-06-28 13:37:19,929 INFO     ___FILE_ONLY___ ═
2023-06-28 13:37:19,933 INFO     ___FILE_ONLY___ ═
2023-06-28 13:37:19,939 INFO     ___FILE_ONLY___ ═
2023-06-28 13:37:19,944 INFO     ___FILE_ONLY___ ═
2023-06-28 13:37:19,948 INFO     ___FILE_ONLY___ ═
2023-06-28 13:37:19,951 INFO     ___FILE_ONLY___ ═
2023-06-28 13:37:19,956 INFO     ___FILE_ONLY___ ═
2023-06-28 13:37:19,960 INFO     ___FILE_ONLY___ ═
2023-06-28 13:37:19,963 INFO     ___FILE_ONLY___ ═
2023-06-28 13:37:19,967 INFO     ___FILE_ONLY___ ═
2023-06-28 13:37:19,972 INFO     ___FILE_ONLY___ ═
2023-06-28 13:37:19,976 INFO     ___FILE_ONLY___ ═
2023-06-28 13:37:19,980 INFO     ___FILE_ONLY___ ═
2023-06-28 13:37:19,984 INFO     ___FILE_ONLY___ ═
2023-06-28 13:37:19,991 INFO     ___FILE_ONLY___ ═
2023-06-28 13:37:19,994 INFO     ___FILE_ONLY___ ═
2023-06-28 13:37:19,998 INFO     ___FILE_ONLY___ ═
2023-06-28 13:37:20,001 INFO     ___FILE_ONLY___ ═
2023-06-28 13:37:20,005 INFO     ___FILE_ONLY___ ═
2023-06-28 13:37:20,008 INFO     ___FILE_ONLY___ ═
2023-06-28 13:37:20,012 INFO     ___FILE_ONLY___ ═
2023-06-28 13:37:20,016 INFO     ___FILE_ONLY___ ═
2023-06-28 13:37:20,020 INFO     ___FILE_ONLY___ ═
2023-06-28 13:37:20,024 INFO     ___FILE_ONLY___ ═
2023-06-28 13:37:20,028 INFO     ___FILE_ONLY___ ═
2023-06-28 13:37:20,034 INFO     ___FILE_ONLY___ ═
2023-06-28 13:37:20,038 INFO     ___FILE_ONLY___ ═
2023-06-28 13:37:20,042 INFO     ___FILE_ONLY___ ═
2023-06-28 13:37:20,045 INFO     ___FILE_ONLY___ ═
2023-06-28 13:37:20,049 INFO     ___FILE_ONLY___ ═
2023-06-28 13:37:20,049 INFO     ___FILE_ONLY___ ╝

2023-06-28 13:37:20,066 INFO     ___FILE_ONLY___ ╔════════════════════════════════════════════════════════════╗

2023-06-28 13:37:20,066 INFO     ___FILE_ONLY___ ╠═ Installing: BigQuery Command Line Tool (Platform Spec... ═╣

2023-06-28 13:37:20,066 INFO     ___FILE_ONLY___ ╚
2023-06-28 13:37:20,069 DEBUG    urllib3.connectionpool Starting new HTTPS connection (1): dl.google.com:443
2023-06-28 13:37:20,154 DEBUG    urllib3.connectionpool https://dl.google.com:443 "GET /dl/cloudsdk/channels/rapid/components/google-cloud-sdk-bq-nix-20220920185015.tar.gz HTTP/1.1" 200 1837
2023-06-28 13:37:20,155 INFO     ___FILE_ONLY___ ══════════════════════════════
2023-06-28 13:37:20,156 INFO     ___FILE_ONLY___ ══════════════════════════════
2023-06-28 13:37:20,156 INFO     ___FILE_ONLY___ ╝

2023-06-28 13:37:20,164 INFO     ___FILE_ONLY___ ╔════════════════════════════════════════════════════════════╗

2023-06-28 13:37:20,164 INFO     ___FILE_ONLY___ ╠═ Installing: Bundled Python 3.9                           ═╣

2023-06-28 13:37:20,164 INFO     ___FILE_ONLY___ ╚
2023-06-28 13:37:20,170 INFO     ___FILE_ONLY___ ════════════════════════════════════════════════════════════
2023-06-28 13:37:20,170 INFO     ___FILE_ONLY___ ╝

2023-06-28 13:37:20,171 INFO     ___FILE_ONLY___ ╔════════════════════════════════════════════════════════════╗

2023-06-28 13:37:20,172 INFO     ___FILE_ONLY___ ╠═ Installing: Bundled Python 3.9                           ═╣

2023-06-28 13:37:20,172 INFO     ___FILE_ONLY___ ╚
2023-06-28 13:37:20,175 DEBUG    urllib3.connectionpool Starting new HTTPS connection (1): dl.google.com:443
2023-06-28 13:37:20,210 DEBUG    urllib3.connectionpool https://dl.google.com:443 "GET /dl/cloudsdk/channels/rapid/components/google-cloud-sdk-bundled-python3-unix-linux-x86_64-20230428152336.tar.gz HTTP/1.1" 200 66615539
2023-06-28 13:37:20,724 INFO     ___FILE_ONLY___ ═
2023-06-28 13:37:20,727 INFO     ___FILE_ONLY___ ═
2023-06-28 13:37:20,730 INFO     ___FILE_ONLY___ ═
2023-06-28 13:37:20,732 INFO     ___FILE_ONLY___ ═
2023-06-28 13:37:20,735 INFO     ___FILE_ONLY___ ═
2023-06-28 13:37:20,738 INFO     ___FILE_ONLY___ ═
2023-06-28 13:37:20,741 INFO     ___FILE_ONLY___ ═
2023-06-28 13:37:20,743 INFO     ___FILE_ONLY___ ═
2023-06-28 13:37:20,746 INFO     ___FILE_ONLY___ ═
2023-06-28 13:37:20,749 INFO     ___FILE_ONLY___ ═
2023-06-28 13:37:20,751 INFO     ___FILE_ONLY___ ═
2023-06-28 13:37:20,754 INFO     ___FILE_ONLY___ ═
2023-06-28 13:37:20,757 INFO     ___FILE_ONLY___ ═
2023-06-28 13:37:20,760 INFO     ___FILE_ONLY___ ═
2023-06-28 13:37:20,762 INFO     ___FILE_ONLY___ ═
2023-06-28 13:37:20,765 INFO     ___FILE_ONLY___ ═
2023-06-28 13:37:20,768 INFO     ___FILE_ONLY___ ═
2023-06-28 13:37:20,770 INFO     ___FILE_ONLY___ ═
2023-06-28 13:37:20,773 INFO     ___FILE_ONLY___ ═
2023-06-28 13:37:20,776 INFO     ___FILE_ONLY___ ═
2023-06-28 13:37:20,779 INFO     ___FILE_ONLY___ ═
2023-06-28 13:37:20,781 INFO     ___FILE_ONLY___ ═
2023-06-28 13:37:20,784 INFO     ___FILE_ONLY___ ═
2023-06-28 13:37:20,787 INFO     ___FILE_ONLY___ ═
2023-06-28 13:37:20,790 INFO     ___FILE_ONLY___ ═
2023-06-28 13:37:20,792 INFO     ___FILE_ONLY___ ═
2023-06-28 13:37:20,795 INFO     ___FILE_ONLY___ ═
2023-06-28 13:37:20,798 INFO     ___FILE_ONLY___ ═
2023-06-28 13:37:20,801 INFO     ___FILE_ONLY___ ═
2023-06-28 13:37:20,804 INFO     ___FILE_ONLY___ ═
2023-06-28 13:37:22,669 INFO     ___FILE_ONLY___ ═
2023-06-28 13:37:22,681 INFO     ___FILE_ONLY___ ═
2023-06-28 13:37:22,695 INFO     ___FILE_ONLY___ ═
2023-06-28 13:37:22,708 INFO     ___FILE_ONLY___ ═
2023-06-28 13:37:22,721 INFO     ___FILE_ONLY___ ═
2023-06-28 13:37:22,738 INFO     ___FILE_ONLY___ ═
2023-06-28 13:37:22,755 INFO     ___FILE_ONLY___ ═
2023-06-28 13:37:22,776 INFO     ___FILE_ONLY___ ═
2023-06-28 13:37:22,793 INFO     ___FILE_ONLY___ ═
2023-06-28 13:37:22,805 INFO     ___FILE_ONLY___ ═
2023-06-28 13:37:22,825 INFO     ___FILE_ONLY___ ═
2023-06-28 13:37:22,845 INFO     ___FILE_ONLY___ ═
2023-06-28 13:37:22,961 INFO     ___FILE_ONLY___ ═
2023-06-28 13:37:22,974 INFO     ___FILE_ONLY___ ═
2023-06-28 13:37:23,071 INFO     ___FILE_ONLY___ ═
2023-06-28 13:37:23,083 INFO     ___FILE_ONLY___ ═
2023-06-28 13:37:23,106 INFO     ___FILE_ONLY___ ═
2023-06-28 13:37:23,129 INFO     ___FILE_ONLY___ ═
2023-06-28 13:37:23,148 INFO     ___FILE_ONLY___ ═
2023-06-28 13:37:23,183 INFO     ___FILE_ONLY___ ═
2023-06-28 13:37:23,198 INFO     ___FILE_ONLY___ ═
2023-06-28 13:37:23,212 INFO     ___FILE_ONLY___ ═
2023-06-28 13:37:23,228 INFO     ___FILE_ONLY___ ═
2023-06-28 13:37:23,246 INFO     ___FILE_ONLY___ ═
2023-06-28 13:37:23,265 INFO     ___FILE_ONLY___ ═
2023-06-28 13:37:23,283 INFO     ___FILE_ONLY___ ═
2023-06-28 13:37:23,883 INFO     ___FILE_ONLY___ ═
2023-06-28 13:37:24,158 INFO     ___FILE_ONLY___ ═
2023-06-28 13:37:24,169 INFO     ___FILE_ONLY___ ═
2023-06-28 13:37:24,181 INFO     ___FILE_ONLY___ ═
2023-06-28 13:37:24,181 INFO     ___FILE_ONLY___ ╝

2023-06-28 13:37:24,235 INFO     ___FILE_ONLY___ ╔════════════════════════════════════════════════════════════╗

2023-06-28 13:37:24,235 INFO     ___FILE_ONLY___ ╠═ Installing: Cloud Storage Command Line Tool              ═╣

2023-06-28 13:37:24,235 INFO     ___FILE_ONLY___ ╚
2023-06-28 13:37:24,239 DEBUG    urllib3.connectionpool Starting new HTTPS connection (1): dl.google.com:443
2023-06-28 13:37:24,332 DEBUG    urllib3.connectionpool https://dl.google.com:443 "GET /dl/cloudsdk/channels/rapid/components/google-cloud-sdk-gsutil-20230526134617.tar.gz HTTP/1.1" 200 11815391
2023-06-28 13:37:24,465 INFO     ___FILE_ONLY___ ═
2023-06-28 13:37:24,466 INFO     ___FILE_ONLY___ ═
2023-06-28 13:37:24,466 INFO     ___FILE_ONLY___ ═
2023-06-28 13:37:24,467 INFO     ___FILE_ONLY___ ═
2023-06-28 13:37:24,467 INFO     ___FILE_ONLY___ ═
2023-06-28 13:37:24,468 INFO     ___FILE_ONLY___ ═
2023-06-28 13:37:24,468 INFO     ___FILE_ONLY___ ═
2023-06-28 13:37:24,469 INFO     ___FILE_ONLY___ ═
2023-06-28 13:37:24,469 INFO     ___FILE_ONLY___ ═
2023-06-28 13:37:24,470 INFO     ___FILE_ONLY___ ═
2023-06-28 13:37:24,470 INFO     ___FILE_ONLY___ ═
2023-06-28 13:37:24,471 INFO     ___FILE_ONLY___ ═
2023-06-28 13:37:24,471 INFO     ___FILE_ONLY___ ═
2023-06-28 13:37:24,472 INFO     ___FILE_ONLY___ ═
2023-06-28 13:37:24,472 INFO     ___FILE_ONLY___ ═
2023-06-28 13:37:24,473 INFO     ___FILE_ONLY___ ═
2023-06-28 13:37:24,474 INFO     ___FILE_ONLY___ ═
2023-06-28 13:37:24,474 INFO     ___FILE_ONLY___ ═
2023-06-28 13:37:24,475 INFO     ___FILE_ONLY___ ═
2023-06-28 13:37:24,475 INFO     ___FILE_ONLY___ ═
2023-06-28 13:37:24,476 INFO     ___FILE_ONLY___ ═
2023-06-28 13:37:24,476 INFO     ___FILE_ONLY___ ═
2023-06-28 13:37:24,477 INFO     ___FILE_ONLY___ ═
2023-06-28 13:37:24,477 INFO     ___FILE_ONLY___ ═
2023-06-28 13:37:24,478 INFO     ___FILE_ONLY___ ═
2023-06-28 13:37:24,479 INFO     ___FILE_ONLY___ ═
2023-06-28 13:37:24,479 INFO     ___FILE_ONLY___ ═
2023-06-28 13:37:24,480 INFO     ___FILE_ONLY___ ═
2023-06-28 13:37:24,480 INFO     ___FILE_ONLY___ ═
2023-06-28 13:37:24,481 INFO     ___FILE_ONLY___ ═
2023-06-28 13:37:25,217 INFO     ___FILE_ONLY___ ═
2023-06-28 13:37:25,242 INFO     ___FILE_ONLY___ ═
2023-06-28 13:37:25,291 INFO     ___FILE_ONLY___ ═
2023-06-28 13:37:25,316 INFO     ___FILE_ONLY___ ═
2023-06-28 13:37:25,340 INFO     ___FILE_ONLY___ ═
2023-06-28 13:37:25,363 INFO     ___FILE_ONLY___ ═
2023-06-28 13:37:25,396 INFO     ___FILE_ONLY___ ═
2023-06-28 13:37:25,429 INFO     ___FILE_ONLY___ ═
2023-06-28 13:37:25,461 INFO     ___FILE_ONLY___ ═
2023-06-28 13:37:25,483 INFO     ___FILE_ONLY___ ═
2023-06-28 13:37:25,505 INFO     ___FILE_ONLY___ ═
2023-06-28 13:37:25,534 INFO     ___FILE_ONLY___ ═
2023-06-28 13:37:25,555 INFO     ___FILE_ONLY___ ═
2023-06-28 13:37:25,577 INFO     ___FILE_ONLY___ ═
2023-06-28 13:37:25,598 INFO     ___FILE_ONLY___ ═
2023-06-28 13:37:25,617 INFO     ___FILE_ONLY___ ═
2023-06-28 13:37:25,640 INFO     ___FILE_ONLY___ ═
2023-06-28 13:37:25,662 INFO     ___FILE_ONLY___ ═
2023-06-28 13:37:25,682 INFO     ___FILE_ONLY___ ═
2023-06-28 13:37:25,714 INFO     ___FILE_ONLY___ ═
2023-06-28 13:37:25,743 INFO     ___FILE_ONLY___ ═
2023-06-28 13:37:25,770 INFO     ___FILE_ONLY___ ═
2023-06-28 13:37:25,796 INFO     ___FILE_ONLY___ ═
2023-06-28 13:37:25,824 INFO     ___FILE_ONLY___ ═
2023-06-28 13:37:25,846 INFO     ___FILE_ONLY___ ═
2023-06-28 13:37:25,868 INFO     ___FILE_ONLY___ ═
2023-06-28 13:37:25,888 INFO     ___FILE_ONLY___ ═
2023-06-28 13:37:25,908 INFO     ___FILE_ONLY___ ═
2023-06-28 13:37:25,928 INFO     ___FILE_ONLY___ ═
2023-06-28 13:37:25,964 INFO     ___FILE_ONLY___ ═
2023-06-28 13:37:25,964 INFO     ___FILE_ONLY___ ╝

2023-06-28 13:37:26,035 INFO     ___FILE_ONLY___ ╔════════════════════════════════════════════════════════════╗

2023-06-28 13:37:26,035 INFO     ___FILE_ONLY___ ╠═ Installing: Cloud Storage Command Line Tool (Platform... ═╣

2023-06-28 13:37:26,035 INFO     ___FILE_ONLY___ ╚
2023-06-28 13:37:26,039 DEBUG    urllib3.connectionpool Starting new HTTPS connection (1): dl.google.com:443
2023-06-28 13:37:26,068 DEBUG    urllib3.connectionpool https://dl.google.com:443 "GET /dl/cloudsdk/channels/rapid/components/google-cloud-sdk-gsutil-nix-20220920185015.tar.gz HTTP/1.1" 200 1851
2023-06-28 13:37:26,069 INFO     ___FILE_ONLY___ ══════════════════════════════
2023-06-28 13:37:26,070 INFO     ___FILE_ONLY___ ══════════════════════════════
2023-06-28 13:37:26,070 INFO     ___FILE_ONLY___ ╝

2023-06-28 13:37:26,078 INFO     ___FILE_ONLY___ ╔════════════════════════════════════════════════════════════╗

2023-06-28 13:37:26,078 INFO     ___FILE_ONLY___ ╠═ Installing: Default set of gcloud commands               ═╣

2023-06-28 13:37:26,078 INFO     ___FILE_ONLY___ ╚
2023-06-28 13:37:26,083 INFO     ___FILE_ONLY___ ════════════════════════════════════════════════════════════
2023-06-28 13:37:26,083 INFO     ___FILE_ONLY___ ╝

2023-06-28 13:37:26,085 INFO     ___FILE_ONLY___ ╔════════════════════════════════════════════════════════════╗

2023-06-28 13:37:26,085 INFO     ___FILE_ONLY___ ╠═ Installing: Google Cloud CLI Core Libraries (Platform... ═╣

2023-06-28 13:37:26,085 INFO     ___FILE_ONLY___ ╚
2023-06-28 13:37:26,088 DEBUG    urllib3.connectionpool Starting new HTTPS connection (1): dl.google.com:443
2023-06-28 13:37:26,114 DEBUG    urllib3.connectionpool https://dl.google.com:443 "GET /dl/cloudsdk/channels/rapid/components/google-cloud-sdk-core-nix-20220920185015.tar.gz HTTP/1.1" 200 2221
2023-06-28 13:37:26,114 INFO     ___FILE_ONLY___ ══════════════════════════════
2023-06-28 13:37:26,116 INFO     ___FILE_ONLY___ ═══════════════
2023-06-28 13:37:26,116 INFO     ___FILE_ONLY___ ═══════════════
2023-06-28 13:37:26,116 INFO     ___FILE_ONLY___ ╝

2023-06-28 13:37:26,124 INFO     ___FILE_ONLY___ ╔════════════════════════════════════════════════════════════╗

2023-06-28 13:37:26,124 INFO     ___FILE_ONLY___ ╠═ Installing: Google Cloud CRC32C Hash Tool                ═╣

2023-06-28 13:37:26,124 INFO     ___FILE_ONLY___ ╚
2023-06-28 13:37:26,127 DEBUG    urllib3.connectionpool Starting new HTTPS connection (1): dl.google.com:443
2023-06-28 13:37:26,157 DEBUG    urllib3.connectionpool https://dl.google.com:443 "GET /dl/cloudsdk/channels/rapid/components/google-cloud-sdk-gcloud-crc32c-linux-x86_64-20230526134617.tar.gz HTTP/1.1" 200 1270213
2023-06-28 13:37:26,217 INFO     ___FILE_ONLY___ ═
2023-06-28 13:37:26,217 INFO     ___FILE_ONLY___ ═
2023-06-28 13:37:26,217 INFO     ___FILE_ONLY___ ═
2023-06-28 13:37:26,218 INFO     ___FILE_ONLY___ ═
2023-06-28 13:37:26,218 INFO     ___FILE_ONLY___ ═
2023-06-28 13:37:26,218 INFO     ___FILE_ONLY___ ═
2023-06-28 13:37:26,218 INFO     ___FILE_ONLY___ ═
2023-06-28 13:37:26,218 INFO     ___FILE_ONLY___ ═
2023-06-28 13:37:26,218 INFO     ___FILE_ONLY___ ═
2023-06-28 13:37:26,218 INFO     ___FILE_ONLY___ ═
2023-06-28 13:37:26,219 INFO     ___FILE_ONLY___ ═
2023-06-28 13:37:26,219 INFO     ___FILE_ONLY___ ═
2023-06-28 13:37:26,219 INFO     ___FILE_ONLY___ ═
2023-06-28 13:37:26,219 INFO     ___FILE_ONLY___ ═
2023-06-28 13:37:26,219 INFO     ___FILE_ONLY___ ═
2023-06-28 13:37:26,219 INFO     ___FILE_ONLY___ ═
2023-06-28 13:37:26,219 INFO     ___FILE_ONLY___ ═
2023-06-28 13:37:26,220 INFO     ___FILE_ONLY___ ═
2023-06-28 13:37:26,220 INFO     ___FILE_ONLY___ ═
2023-06-28 13:37:26,220 INFO     ___FILE_ONLY___ ═
2023-06-28 13:37:26,220 INFO     ___FILE_ONLY___ ═
2023-06-28 13:37:26,220 INFO     ___FILE_ONLY___ ═
2023-06-28 13:37:26,220 INFO     ___FILE_ONLY___ ═
2023-06-28 13:37:26,220 INFO     ___FILE_ONLY___ ═
2023-06-28 13:37:26,221 INFO     ___FILE_ONLY___ ═
2023-06-28 13:37:26,221 INFO     ___FILE_ONLY___ ═
2023-06-28 13:37:26,221 INFO     ___FILE_ONLY___ ═
2023-06-28 13:37:26,221 INFO     ___FILE_ONLY___ ═
2023-06-28 13:37:26,221 INFO     ___FILE_ONLY___ ═
2023-06-28 13:37:26,221 INFO     ___FILE_ONLY___ ═
2023-06-28 13:37:26,254 INFO     ___FILE_ONLY___ ═══════════════
2023-06-28 13:37:26,254 INFO     ___FILE_ONLY___ ═══════════════
2023-06-28 13:37:26,254 INFO     ___FILE_ONLY___ ╝

2023-06-28 13:37:26,263 INFO     ___FILE_ONLY___ ╔════════════════════════════════════════════════════════════╗

2023-06-28 13:37:26,264 INFO     ___FILE_ONLY___ ╠═ Installing: Google Cloud CRC32C Hash Tool                ═╣

2023-06-28 13:37:26,264 INFO     ___FILE_ONLY___ ╚
2023-06-28 13:37:26,300 INFO     ___FILE_ONLY___ ════════════════════════════════════════════════════════════
2023-06-28 13:37:26,300 INFO     ___FILE_ONLY___ ╝

2023-06-28 13:37:26,302 INFO     ___FILE_ONLY___ ╔════════════════════════════════════════════════════════════╗

2023-06-28 13:37:26,302 INFO     ___FILE_ONLY___ ╠═ Installing: anthoscli                                    ═╣

2023-06-28 13:37:26,302 INFO     ___FILE_ONLY___ ╚
2023-06-28 13:37:26,305 DEBUG    urllib3.connectionpool Starting new HTTPS connection (1): dl.google.com:443
2023-06-28 13:37:26,397 DEBUG    urllib3.connectionpool https://dl.google.com:443 "GET /dl/cloudsdk/channels/rapid/components/google-cloud-sdk-anthoscli-linux-x86_64-20230417163046.tar.gz HTTP/1.1" 200 71766688
2023-06-28 13:37:27,035 INFO     ___FILE_ONLY___ ═
2023-06-28 13:37:27,038 INFO     ___FILE_ONLY___ ═
2023-06-28 13:37:27,041 INFO     ___FILE_ONLY___ ═
2023-06-28 13:37:27,044 INFO     ___FILE_ONLY___ ═
2023-06-28 13:37:27,047 INFO     ___FILE_ONLY___ ═
2023-06-28 13:37:27,050 INFO     ___FILE_ONLY___ ═
2023-06-28 13:37:27,053 INFO     ___FILE_ONLY___ ═
2023-06-28 13:37:27,056 INFO     ___FILE_ONLY___ ═
2023-06-28 13:37:27,059 INFO     ___FILE_ONLY___ ═
2023-06-28 13:37:27,062 INFO     ___FILE_ONLY___ ═
2023-06-28 13:37:27,065 INFO     ___FILE_ONLY___ ═
2023-06-28 13:37:27,068 INFO     ___FILE_ONLY___ ═
2023-06-28 13:37:27,071 INFO     ___FILE_ONLY___ ═
2023-06-28 13:37:27,074 INFO     ___FILE_ONLY___ ═
2023-06-28 13:37:27,077 INFO     ___FILE_ONLY___ ═
2023-06-28 13:37:27,080 INFO     ___FILE_ONLY___ ═
2023-06-28 13:37:27,082 INFO     ___FILE_ONLY___ ═
2023-06-28 13:37:27,085 INFO     ___FILE_ONLY___ ═
2023-06-28 13:37:27,088 INFO     ___FILE_ONLY___ ═
2023-06-28 13:37:27,091 INFO     ___FILE_ONLY___ ═
2023-06-28 13:37:27,094 INFO     ___FILE_ONLY___ ═
2023-06-28 13:37:27,097 INFO     ___FILE_ONLY___ ═
2023-06-28 13:37:27,100 INFO     ___FILE_ONLY___ ═
2023-06-28 13:37:27,103 INFO     ___FILE_ONLY___ ═
2023-06-28 13:37:27,106 INFO     ___FILE_ONLY___ ═
2023-06-28 13:37:27,109 INFO     ___FILE_ONLY___ ═
2023-06-28 13:37:27,112 INFO     ___FILE_ONLY___ ═
2023-06-28 13:37:27,115 INFO     ___FILE_ONLY___ ═
2023-06-28 13:37:27,118 INFO     ___FILE_ONLY___ ═
2023-06-28 13:37:27,121 INFO     ___FILE_ONLY___ ═
2023-06-28 13:37:29,237 INFO     ___FILE_ONLY___ ══════════
2023-06-28 13:37:29,242 INFO     ___FILE_ONLY___ ═════════
2023-06-28 13:37:29,268 INFO     ___FILE_ONLY___ ═══════════
2023-06-28 13:37:29,268 INFO     ___FILE_ONLY___ ╝

2023-06-28 13:37:29,290 INFO     ___FILE_ONLY___ ╔════════════════════════════════════════════════════════════╗

2023-06-28 13:37:29,290 INFO     ___FILE_ONLY___ ╠═ Installing: anthoscli                                    ═╣

2023-06-28 13:37:29,290 INFO     ___FILE_ONLY___ ╚
2023-06-28 13:37:29,295 INFO     ___FILE_ONLY___ ════════════════════════════════════════════════════════════
2023-06-28 13:37:29,295 INFO     ___FILE_ONLY___ ╝

2023-06-28 13:37:29,297 INFO     ___FILE_ONLY___ ╔════════════════════════════════════════════════════════════╗

2023-06-28 13:37:29,297 INFO     ___FILE_ONLY___ ╠═ Installing: gcloud cli dependencies                      ═╣

2023-06-28 13:37:29,297 INFO     ___FILE_ONLY___ ╚
2023-06-28 13:37:29,301 DEBUG    urllib3.connectionpool Starting new HTTPS connection (1): dl.google.com:443
2023-06-28 13:37:29,389 DEBUG    urllib3.connectionpool https://dl.google.com:443 "GET /dl/cloudsdk/channels/rapid/components/google-cloud-sdk-gcloud-deps-linux-x86_64-20210416153011.tar.gz HTTP/1.1" 200 104
2023-06-28 13:37:29,390 INFO     ___FILE_ONLY___ ══════════════════════════════
2023-06-28 13:37:29,390 INFO     ___FILE_ONLY___ ══════════════════════════════
2023-06-28 13:37:29,391 INFO     ___FILE_ONLY___ ╝

2023-06-28 13:37:29,399 INFO     ___FILE_ONLY___ ╔════════════════════════════════════════════════════════════╗

2023-06-28 13:37:29,399 INFO     ___FILE_ONLY___ ╠═ Creating backup and activating new installation          ═╣

2023-06-28 13:37:29,399 INFO     ___FILE_ONLY___ ╚
2023-06-28 13:37:29,400 DEBUG    root            Attempting to move directory [/tools/google-cloud-sdk] to [/tools/google-cloud-sdk.staging/.install/.backup]
2023-06-28 13:37:29,400 INFO     ___FILE_ONLY___ ══════════════════════════════
2023-06-28 13:37:29,400 DEBUG    root            Attempting to move directory [/tools/google-cloud-sdk.staging] to [/tools/google-cloud-sdk]
2023-06-28 13:37:29,400 INFO     ___FILE_ONLY___ ══════════════════════════════
2023-06-28 13:37:29,400 INFO     ___FILE_ONLY___ ╝

2023-06-28 13:37:29,404 DEBUG    root            Updating notification cache...
2023-06-28 13:37:29,404 INFO     ___FILE_ONLY___ 

2023-06-28 13:37:29,406 INFO     ___FILE_ONLY___ Performing post processing steps...
2023-06-28 13:37:29,407 DEBUG    root            Executing command: ['python3', '-S', '/tools/google-cloud-sdk/lib/gcloud.py', 'components', 'post-process']
2023-06-28 13:37:53,323 DEBUG    ___FILE_ONLY___ 
2023-06-28 13:37:53,323 DEBUG    ___FILE_ONLY___ 
2023-06-28 13:37:53,442 INFO     ___FILE_ONLY___ 
Update done!


2023-06-28 13:37:53,446 DEBUG    root            Chosen display Format:none
2023-06-28 13:37:53,447 INFO     root            Display format: "none"
