2023-06-28 13:37:54,133 DEBUG    root            Loaded Command Group: ['gcloud', 'components']
2023-06-28 13:37:54,136 DEBUG    root            Loaded Command Group: ['gcloud', 'components', 'update']
2023-06-28 13:37:54,138 DEBUG    root            Running [gcloud.components.update] with arguments: [--quiet: "True", COMPONENT-IDS:8: "['gcloud', 'core', 'bq', 'gsutil', 'compute', 'preview', 'alpha', 'beta']"]
2023-06-28 13:37:54,139 INFO     ___FILE_ONLY___ Beginning update. This process may take several minutes.

2023-06-28 13:37:54,144 DEBUG    urllib3.connectionpool Starting new HTTPS connection (1): dl.google.com:443
2023-06-28 13:37:54,234 DEBUG    urllib3.connectionpool https://dl.google.com:443 "GET /dl/cloudsdk/channels/rapid/components-2.json HTTP/1.1" 200 208274
2023-06-28 13:37:54,254 WARNING  root            Component [preview] no longer exists.
2023-06-28 13:37:54,254 WARNING  root            Component [compute] no longer exists.
2023-06-28 13:37:54,255 INFO     ___FILE_ONLY___ 

2023-06-28 13:37:54,256 INFO     ___FILE_ONLY___ 
Your current Google Cloud CLI version is: 437.0.0

2023-06-28 13:37:54,256 INFO     ___FILE_ONLY___ Installing components from version: 437.0.0

2023-06-28 13:37:54,256 INFO     ___FILE_ONLY___ 

2023-06-28 13:37:54,256 DEBUG    root            Chosen display Format:table[box,title="These components will be removed."](details.display_name:label=Name:align=left,version.version_string:label=Version:align=right,data.size.size(zero="",min=1048576):label=Size:align=right)
2023-06-28 13:37:54,257 DEBUG    root            Chosen display Format:table[box,title="These components will be updated."](details.display_name:label=Name:align=left,version.version_string:label=Version:align=right,data.size.size(zero="",min=1048576):label=Size:align=right)
2023-06-28 13:37:54,258 DEBUG    root            Chosen display Format:table[box,title="These components will be installed."](details.display_name:label=Name:align=left,version.version_string:label=Version:align=right,data.size.size(zero="",min=1048576):label=Size:align=right)
2023-06-28 13:37:54,259 INFO     ___FILE_ONLY___ ┌──────────────────────────────────────────────┐
2023-06-28 13:37:54,260 INFO     ___FILE_ONLY___ 

2023-06-28 13:37:54,260 INFO     ___FILE_ONLY___ │     These components will be installed.      │
2023-06-28 13:37:54,260 INFO     ___FILE_ONLY___ 

2023-06-28 13:37:54,260 INFO     ___FILE_ONLY___ ├───────────────────────┬────────────┬─────────┤
2023-06-28 13:37:54,260 INFO     ___FILE_ONLY___ 

2023-06-28 13:37:54,260 INFO     ___FILE_ONLY___ │          Name         │  Version   │   Size  │
2023-06-28 13:37:54,260 INFO     ___FILE_ONLY___ 

2023-06-28 13:37:54,260 INFO     ___FILE_ONLY___ ├───────────────────────┼────────────┼─────────┤
2023-06-28 13:37:54,260 INFO     ___FILE_ONLY___ 

2023-06-28 13:37:54,260 INFO     ___FILE_ONLY___ │ 
2023-06-28 13:37:54,260 INFO     ___FILE_ONLY___ gcloud Alpha Commands
2023-06-28 13:37:54,260 INFO     ___FILE_ONLY___  
2023-06-28 13:37:54,260 INFO     ___FILE_ONLY___ │ 
2023-06-28 13:37:54,261 INFO     ___FILE_ONLY___ 2023.06.26
2023-06-28 13:37:54,261 INFO     ___FILE_ONLY___  
2023-06-28 13:37:54,261 INFO     ___FILE_ONLY___ │ 
2023-06-28 13:37:54,261 INFO     ___FILE_ONLY___ < 1 MiB
2023-06-28 13:37:54,261 INFO     ___FILE_ONLY___  
2023-06-28 13:37:54,261 INFO     ___FILE_ONLY___ │
2023-06-28 13:37:54,261 INFO     ___FILE_ONLY___ 

2023-06-28 13:37:54,261 INFO     ___FILE_ONLY___ │ 
2023-06-28 13:37:54,261 INFO     ___FILE_ONLY___ gcloud Beta Commands 
2023-06-28 13:37:54,261 INFO     ___FILE_ONLY___  
2023-06-28 13:37:54,261 INFO     ___FILE_ONLY___ │ 
2023-06-28 13:37:54,261 INFO     ___FILE_ONLY___ 2023.06.26
2023-06-28 13:37:54,261 INFO     ___FILE_ONLY___  
2023-06-28 13:37:54,261 INFO     ___FILE_ONLY___ │ 
2023-06-28 13:37:54,261 INFO     ___FILE_ONLY___ < 1 MiB
2023-06-28 13:37:54,261 INFO     ___FILE_ONLY___  
2023-06-28 13:37:54,262 INFO     ___FILE_ONLY___ │
2023-06-28 13:37:54,262 INFO     ___FILE_ONLY___ 

2023-06-28 13:37:54,262 INFO     ___FILE_ONLY___ └───────────────────────┴────────────┴─────────┘
2023-06-28 13:37:54,262 INFO     ___FILE_ONLY___ 

2023-06-28 13:37:54,262 INFO     ___FILE_ONLY___ 

2023-06-28 13:37:54,265 DEBUG    urllib3.connectionpool Starting new HTTPS connection (1): dl.google.com:443
2023-06-28 13:37:54,354 DEBUG    urllib3.connectionpool https://dl.google.com:443 "GET /dl/cloudsdk/channels/rapid/RELEASE_NOTES HTTP/1.1" 200 1024174
2023-06-28 13:37:54,458 INFO     ___FILE_ONLY___ For the latest full release notes, please visit:
  https://cloud.google.com/sdk/release_notes


2023-06-28 13:37:54,460 INFO     ___FILE_ONLY___ ╔════════════════════════════════════════════════════════════╗

2023-06-28 13:37:54,460 INFO     ___FILE_ONLY___ ╠═ Creating update staging area                             ═╣

2023-06-28 13:37:54,460 INFO     ___FILE_ONLY___ ╚
2023-06-28 13:37:54,461 INFO     ___FILE_ONLY___ ══════
2023-06-28 13:37:55,086 INFO     ___FILE_ONLY___ ══════
2023-06-28 13:37:55,086 INFO     ___FILE_ONLY___ ══════
2023-06-28 13:37:55,660 INFO     ___FILE_ONLY___ ═
2023-06-28 13:37:55,762 INFO     ___FILE_ONLY___ ═
2023-06-28 13:37:55,903 INFO     ___FILE_ONLY___ ═
2023-06-28 13:37:56,003 INFO     ___FILE_ONLY___ ═
2023-06-28 13:37:56,124 INFO     ___FILE_ONLY___ ═
2023-06-28 13:37:56,199 INFO     ___FILE_ONLY___ ═
2023-06-28 13:37:56,275 INFO     ___FILE_ONLY___ ═
2023-06-28 13:37:56,379 INFO     ___FILE_ONLY___ ═
2023-06-28 13:37:56,476 INFO     ___FILE_ONLY___ ═
2023-06-28 13:37:56,555 INFO     ___FILE_ONLY___ ═
2023-06-28 13:37:56,623 INFO     ___FILE_ONLY___ ═
2023-06-28 13:37:56,732 INFO     ___FILE_ONLY___ ═
2023-06-28 13:37:56,822 INFO     ___FILE_ONLY___ ═
2023-06-28 13:37:56,877 INFO     ___FILE_ONLY___ ═
2023-06-28 13:37:56,933 INFO     ___FILE_ONLY___ ═
2023-06-28 13:37:56,991 INFO     ___FILE_ONLY___ ═
2023-06-28 13:37:57,070 INFO     ___FILE_ONLY___ ═
2023-06-28 13:37:57,120 INFO     ___FILE_ONLY___ ═
2023-06-28 13:37:57,176 INFO     ___FILE_ONLY___ ═
2023-06-28 13:37:57,234 INFO     ___FILE_ONLY___ ═
2023-06-28 13:37:57,288 INFO     ___FILE_ONLY___ ═
2023-06-28 13:37:57,342 INFO     ___FILE_ONLY___ ═
2023-06-28 13:37:57,409 INFO     ___FILE_ONLY___ ═
2023-06-28 13:37:57,468 INFO     ___FILE_ONLY___ ═
2023-06-28 13:37:57,524 INFO     ___FILE_ONLY___ ═
2023-06-28 13:37:57,575 INFO     ___FILE_ONLY___ ═
2023-06-28 13:37:57,632 INFO     ___FILE_ONLY___ ═
2023-06-28 13:37:57,768 INFO     ___FILE_ONLY___ ═
2023-06-28 13:37:57,833 INFO     ___FILE_ONLY___ ═
2023-06-28 13:37:57,913 INFO     ___FILE_ONLY___ ═
2023-06-28 13:37:57,980 INFO     ___FILE_ONLY___ ═
2023-06-28 13:37:58,030 INFO     ___FILE_ONLY___ ═
2023-06-28 13:37:58,086 INFO     ___FILE_ONLY___ ═
2023-06-28 13:37:58,155 INFO     ___FILE_ONLY___ ═
2023-06-28 13:37:58,224 INFO     ___FILE_ONLY___ ═
2023-06-28 13:37:58,286 INFO     ___FILE_ONLY___ ═
2023-06-28 13:37:58,332 INFO     ___FILE_ONLY___ ═
2023-06-28 13:37:58,501 INFO     ___FILE_ONLY___ ═
2023-06-28 13:37:58,558 INFO     ___FILE_ONLY___ ═
2023-06-28 13:37:58,631 INFO     ___FILE_ONLY___ ═
2023-06-28 13:37:58,686 INFO     ___FILE_ONLY___ ═
2023-06-28 13:37:58,748 INFO     ___FILE_ONLY___ ═
2023-06-28 13:37:58,748 INFO     ___FILE_ONLY___ ╝

2023-06-28 13:38:01,338 INFO     ___FILE_ONLY___ ╔════════════════════════════════════════════════════════════╗

2023-06-28 13:38:01,338 INFO     ___FILE_ONLY___ ╠═ Installing: gcloud Alpha Commands                        ═╣

2023-06-28 13:38:01,339 INFO     ___FILE_ONLY___ ╚
2023-06-28 13:38:01,342 DEBUG    urllib3.connectionpool Starting new HTTPS connection (1): dl.google.com:443
2023-06-28 13:38:01,369 DEBUG    urllib3.connectionpool https://dl.google.com:443 "GET /dl/cloudsdk/channels/rapid/components/google-cloud-sdk-alpha-20230626165516.tar.gz HTTP/1.1" 200 800
2023-06-28 13:38:01,369 INFO     ___FILE_ONLY___ ══════════════════════════════
2023-06-28 13:38:01,371 INFO     ___FILE_ONLY___ ══════════════════════════════
2023-06-28 13:38:01,371 INFO     ___FILE_ONLY___ ╝

2023-06-28 13:38:01,378 INFO     ___FILE_ONLY___ ╔════════════════════════════════════════════════════════════╗

2023-06-28 13:38:01,379 INFO     ___FILE_ONLY___ ╠═ Installing: gcloud Beta Commands                         ═╣

2023-06-28 13:38:01,379 INFO     ___FILE_ONLY___ ╚
2023-06-28 13:38:01,382 DEBUG    urllib3.connectionpool Starting new HTTPS connection (1): dl.google.com:443
2023-06-28 13:38:01,407 DEBUG    urllib3.connectionpool https://dl.google.com:443 "GET /dl/cloudsdk/channels/rapid/components/google-cloud-sdk-beta-20230626165516.tar.gz HTTP/1.1" 200 797
2023-06-28 13:38:01,408 INFO     ___FILE_ONLY___ ══════════════════════════════
2023-06-28 13:38:01,409 INFO     ___FILE_ONLY___ ══════════════════════════════
2023-06-28 13:38:01,409 INFO     ___FILE_ONLY___ ╝

2023-06-28 13:38:01,418 INFO     ___FILE_ONLY___ ╔════════════════════════════════════════════════════════════╗

2023-06-28 13:38:01,418 INFO     ___FILE_ONLY___ ╠═ Creating backup and activating new installation          ═╣

2023-06-28 13:38:01,418 INFO     ___FILE_ONLY___ ╚
2023-06-28 13:38:01,418 DEBUG    root            Attempting to move directory [/tools/google-cloud-sdk] to [/tools/google-cloud-sdk.staging/.install/.backup]
2023-06-28 13:38:01,418 INFO     ___FILE_ONLY___ ══════════════════════════════
2023-06-28 13:38:01,418 DEBUG    root            Attempting to move directory [/tools/google-cloud-sdk.staging] to [/tools/google-cloud-sdk]
2023-06-28 13:38:01,419 INFO     ___FILE_ONLY___ ══════════════════════════════
2023-06-28 13:38:01,419 INFO     ___FILE_ONLY___ ╝

2023-06-28 13:38:01,423 DEBUG    root            Updating notification cache...
2023-06-28 13:38:01,423 INFO     ___FILE_ONLY___ 

2023-06-28 13:38:01,425 INFO     ___FILE_ONLY___ Performing post processing steps...
2023-06-28 13:38:01,425 DEBUG    root            Executing command: ['python3', '-S', '/tools/google-cloud-sdk/lib/gcloud.py', 'components', 'post-process']
2023-06-28 13:38:26,445 DEBUG    ___FILE_ONLY___ 
2023-06-28 13:38:26,446 DEBUG    ___FILE_ONLY___ 
2023-06-28 13:38:26,465 INFO     ___FILE_ONLY___ 
Update done!


2023-06-28 13:38:26,469 DEBUG    root            Chosen display Format:none
2023-06-28 13:38:26,469 INFO     root            Display format: "none"
